2019-11-27 21:18:46,954 - [test_01_register.py-->line:62] - INFO: 用例： 注册成功--密码8位   结果：通过
2019-11-27 21:18:47,200 - [test_01_register.py-->line:62] - INFO: 用例： 注册成功--密码8-16位之间   结果：通过
2019-11-27 21:18:47,485 - [test_01_register.py-->line:62] - INFO: 用例： 注册成功--密码16位   结果：通过
2019-11-27 21:18:47,741 - [test_01_register.py-->line:62] - INFO: 用例： 注册成功--普通会员   结果：通过
2019-11-27 21:18:48,031 - [test_01_register.py-->line:62] - INFO: 用例： 注册成功--管理员   结果：通过
2019-11-27 21:18:48,321 - [test_01_register.py-->line:62] - INFO: 用例： 注册成功--无昵称   结果：通过
2019-11-27 21:18:48,586 - [test_01_register.py-->line:62] - INFO: 用例： 注册成功--无类型   结果：通过
2019-11-27 21:18:48,815 - [test_01_register.py-->line:62] - INFO: 用例： 注册失败--密码不足8位   结果：通过
2019-11-27 21:18:49,033 - [test_01_register.py-->line:62] - INFO: 用例： 注册失败--密码超过16位   结果：通过
2019-11-27 21:18:49,236 - [test_01_register.py-->line:62] - INFO: 用例： 注册失败--手机号为空   结果：通过
2019-11-27 21:18:49,448 - [test_01_register.py-->line:62] - INFO: 用例： 注册失败--密码为空   结果：通过
2019-11-27 21:18:50,634 - [test_01_register.py-->line:62] - INFO: 用例： 注册失败--手机号非11位   结果：通过
2019-11-27 21:18:50,814 - [test_01_register.py-->line:62] - INFO: 用例： 注册失败--手机号格式非法   结果：通过
2019-11-27 21:18:51,046 - [test_01_register.py-->line:62] - INFO: 用例： 注册失败--类型枚举值错误   结果：通过
2019-11-27 21:18:51,292 - [test_01_register.py-->line:62] - INFO: 用例： 注册失败--昵称长度大于10位   结果：通过
2019-11-27 21:18:51,562 - [test_01_register.py-->line:62] - INFO: 用例： 注册失败--手机号已存在   结果：通过
2019-11-27 21:18:51,777 - [test_02_login.py-->line:64] - INFO: 用例： 登录成功--正确用例   结果：通过
2019-11-27 21:18:51,934 - [test_02_login.py-->line:64] - INFO: 用例： 登陆失败--手机号为空   结果：通过
2019-11-27 21:18:52,107 - [test_02_login.py-->line:64] - INFO: 用例： 登陆失败--密码为空   结果：通过
2019-11-27 21:18:52,281 - [test_02_login.py-->line:64] - INFO: 用例： 登陆失败--手机号长度错误   结果：通过
2019-11-27 21:18:52,448 - [test_02_login.py-->line:64] - INFO: 用例： 登陆失败--手机号格式错误   结果：通过
2019-11-27 21:18:52,647 - [test_02_login.py-->line:64] - INFO: 用例： 登陆失败--密码长度过短   结果：通过
2019-11-27 21:18:52,851 - [test_02_login.py-->line:64] - INFO: 用例： 登陆失败--密码长度多长   结果：通过
2019-11-27 21:18:53,115 - [test_02_login.py-->line:64] - INFO: 用例： 登陆失败--未注册的手机号   结果：通过
2019-11-27 21:18:53,391 - [test_03_recharge.py-->line:90] - INFO: 用例： 充值失败--未登录   结果：通过
2019-11-27 21:18:53,593 - [test_03_recharge.py-->line:90] - INFO: 用例： 充值前提--成功登陆   结果：通过
2019-11-27 21:18:53,858 - [test_03_recharge.py-->line:90] - INFO: 用例： 充值成功--最小值0.01   结果：通过
2019-11-27 21:18:54,110 - [test_03_recharge.py-->line:90] - INFO: 用例： 充值成功--最大值50万   结果：通过
2019-11-27 21:18:54,379 - [test_03_recharge.py-->line:90] - INFO: 用例： 充值成功--整数   结果：通过
2019-11-27 21:18:54,658 - [test_03_recharge.py-->line:90] - INFO: 用例： 充值成功--一位小数   结果：通过
2019-11-27 21:18:54,909 - [test_03_recharge.py-->line:90] - INFO: 用例： 充值成功--两位小数   结果：通过
2019-11-27 21:18:55,132 - [test_03_recharge.py-->line:82] - ERROR: 用例： 充值失败--金额为0   结果：未通过
具体异常为：2 != 0 : 充值失败--金额为0

2019-11-27 21:18:55,312 - [test_03_recharge.py-->line:90] - INFO: 用例： 充值失败--金额为负数   结果：通过
2019-11-27 21:18:56,497 - [test_03_recharge.py-->line:90] - INFO: 用例： 充值失败--金额大于50万   结果：通过
2019-11-27 21:18:56,670 - [test_03_recharge.py-->line:90] - INFO: 用例： 充值失败--金额小数点超过2位   结果：通过
2019-11-27 21:18:56,905 - [test_03_recharge.py-->line:90] - INFO: 用例： 充值失败--会员id不存在   结果：通过
2019-11-27 21:18:57,079 - [test_03_recharge.py-->line:90] - INFO: 用例： 充值失败--会员Id数据类型错误   结果：通过
2019-11-27 21:18:57,265 - [test_03_recharge.py-->line:90] - INFO: 用例： 充值失败--会员ID为空   结果：通过
2019-11-27 21:18:57,437 - [test_03_recharge.py-->line:90] - INFO: 用例： 充值失败--金额为空   结果：通过
2019-11-27 21:18:57,663 - [test_04_add.py-->line:72] - INFO: 用例： 不登录-加标   结果：通过
2019-11-27 21:18:57,853 - [test_04_add.py-->line:72] - INFO: 用例： 正常登录   结果：通过
2019-11-27 21:18:58,039 - [test_04_add.py-->line:72] - INFO: 用例： 加标成功   结果：通过
2019-11-27 21:18:58,213 - [test_04_add.py-->line:72] - INFO: 用例： 借款人id为空   结果：通过
2019-11-27 21:18:58,413 - [test_04_add.py-->line:72] - INFO: 用例： 标题为空   结果：通过
2019-11-27 21:18:58,604 - [test_04_add.py-->line:72] - INFO: 用例： 借款金额为空   结果：通过
2019-11-27 21:18:58,779 - [test_04_add.py-->line:72] - INFO: 用例： 年利率为空   结果：通过
2019-11-27 21:18:59,951 - [test_04_add.py-->line:72] - INFO: 用例： 借款期限为空   结果：通过
2019-11-27 21:19:00,137 - [test_04_add.py-->line:64] - ERROR: 用例： 借款期限为字符串   结果：未通过
具体异常为：2 != 0 : 借款期限为字符串

2019-11-27 21:19:00,341 - [test_04_add.py-->line:72] - INFO: 用例： 借款期限类型为空   结果：通过
2019-11-27 21:19:00,516 - [test_04_add.py-->line:72] - INFO: 用例： 竞标天数为空   结果：通过
2019-11-27 21:19:00,702 - [test_04_add.py-->line:72] - INFO: 用例： 借款人id为负数   结果：通过
2019-11-27 21:19:00,894 - [test_04_add.py-->line:72] - INFO: 用例： 借款人id为小数   结果：通过
2019-11-27 21:19:01,064 - [test_04_add.py-->line:72] - INFO: 用例： 借款人id不存在   结果：通过
2019-11-27 21:19:01,240 - [test_04_add.py-->line:72] - INFO: 用例： 借款金额为负数   结果：通过
2019-11-27 21:19:01,400 - [test_04_add.py-->line:72] - INFO: 用例： 借款金额为小数   结果：通过
2019-11-27 21:19:01,622 - [test_05_invest.py-->line:81] - INFO: 用例： 借款人正常登录   结果：通过
2019-11-27 21:19:01,841 - [test_05_invest.py-->line:81] - INFO: 用例： 借款人加标   结果：通过
2019-11-27 21:19:02,052 - [test_05_invest.py-->line:81] - INFO: 用例： 管理员正常登录   结果：通过
2019-11-27 21:19:02,219 - [test_05_invest.py-->line:81] - INFO: 用例： 管理员审核   结果：通过
2019-11-27 21:19:02,409 - [test_05_invest.py-->line:81] - INFO: 用例： 投资人正常登录   结果：通过
2019-11-27 21:19:02,580 - [test_05_invest.py-->line:81] - INFO: 用例： 投资人正常投资   结果：通过
2019-11-27 21:19:02,739 - [test_05_invest.py-->line:81] - INFO: 用例： 投资人id为空   结果：通过
2019-11-27 21:19:03,898 - [test_05_invest.py-->line:81] - INFO: 用例： 标id为空   结果：通过
2019-11-27 21:19:04,073 - [test_05_invest.py-->line:81] - INFO: 用例： 投资金额为空   结果：通过
2019-11-27 21:19:04,227 - [test_05_invest.py-->line:81] - INFO: 用例： 投资人id为负数   结果：通过
2019-11-27 21:19:04,381 - [test_05_invest.py-->line:81] - INFO: 用例： 投资人id为字符串   结果：通过
2019-11-27 21:19:04,562 - [test_05_invest.py-->line:81] - INFO: 用例： 标id为负数   结果：通过
2019-11-27 21:19:04,717 - [test_05_invest.py-->line:81] - INFO: 用例： 标id为字符串   结果：通过
2019-11-27 21:19:04,885 - [test_05_invest.py-->line:81] - INFO: 用例： 投资金额为负数   结果：通过
2019-11-27 21:19:05,055 - [test_05_invest.py-->line:81] - INFO: 用例： 投资金额为不能被100整除的数   结果：通过
2019-11-27 21:19:05,261 - [test_05_invest.py-->line:81] - INFO: 用例： 投资人id不存在   结果：通过
2019-11-27 21:19:05,447 - [test_05_invest.py-->line:81] - INFO: 用例： 标id不存在   结果：通过
2019-11-27 21:19:05,610 - [test_05_invest.py-->line:81] - INFO: 用例： 投资金额大于项目的剩余可投金额   结果：通过
2019-11-28 21:02:54,978 - [test_01_register.py-->line:62] - INFO: 用例： 注册成功--密码8位   结果：通过
2019-11-28 21:02:55,276 - [test_01_register.py-->line:62] - INFO: 用例： 注册成功--密码8-16位之间   结果：通过
2019-11-28 21:02:55,543 - [test_01_register.py-->line:62] - INFO: 用例： 注册成功--密码16位   结果：通过
2019-11-28 21:02:55,842 - [test_01_register.py-->line:62] - INFO: 用例： 注册成功--普通会员   结果：通过
2019-11-28 21:02:56,127 - [test_01_register.py-->line:62] - INFO: 用例： 注册成功--管理员   结果：通过
2019-11-28 21:02:56,373 - [test_01_register.py-->line:62] - INFO: 用例： 注册成功--无昵称   结果：通过
2019-11-28 21:02:56,632 - [test_01_register.py-->line:62] - INFO: 用例： 注册成功--无类型   结果：通过
2019-11-28 21:02:56,837 - [test_01_register.py-->line:62] - INFO: 用例： 注册失败--密码不足8位   结果：通过
2019-11-28 21:02:57,043 - [test_01_register.py-->line:62] - INFO: 用例： 注册失败--密码超过16位   结果：通过
2019-11-28 21:02:57,216 - [test_01_register.py-->line:62] - INFO: 用例： 注册失败--手机号为空   结果：通过
2019-11-28 21:02:57,442 - [test_01_register.py-->line:62] - INFO: 用例： 注册失败--密码为空   结果：通过
2019-11-28 21:02:57,608 - [test_01_register.py-->line:62] - INFO: 用例： 注册失败--手机号非11位   结果：通过
2019-11-28 21:02:57,776 - [test_01_register.py-->line:62] - INFO: 用例： 注册失败--手机号格式非法   结果：通过
2019-11-28 21:02:57,984 - [test_01_register.py-->line:62] - INFO: 用例： 注册失败--类型枚举值错误   结果：通过
2019-11-28 21:02:58,189 - [test_01_register.py-->line:62] - INFO: 用例： 注册失败--昵称长度大于10位   结果：通过
2019-11-28 21:02:58,400 - [test_01_register.py-->line:62] - INFO: 用例： 注册失败--手机号已存在   结果：通过
2019-11-28 21:02:58,615 - [test_02_login.py-->line:64] - INFO: 用例： 登录成功--正确用例   结果：通过
2019-11-28 21:02:58,769 - [test_02_login.py-->line:64] - INFO: 用例： 登陆失败--手机号为空   结果：通过
2019-11-28 21:02:58,934 - [test_02_login.py-->line:64] - INFO: 用例： 登陆失败--密码为空   结果：通过
2019-11-28 21:02:59,092 - [test_02_login.py-->line:64] - INFO: 用例： 登陆失败--手机号长度错误   结果：通过
2019-11-28 21:02:59,252 - [test_02_login.py-->line:64] - INFO: 用例： 登陆失败--手机号格式错误   结果：通过
2019-11-28 21:02:59,440 - [test_02_login.py-->line:64] - INFO: 用例： 登陆失败--密码长度过短   结果：通过
2019-11-28 21:02:59,655 - [test_02_login.py-->line:64] - INFO: 用例： 登陆失败--密码长度多长   结果：通过
2019-11-28 21:02:59,888 - [test_02_login.py-->line:64] - INFO: 用例： 登陆失败--未注册的手机号   结果：通过
2019-11-28 21:03:00,090 - [test_03_recharge.py-->line:90] - INFO: 用例： 充值失败--未登录   结果：通过
2019-11-28 21:03:00,281 - [test_03_recharge.py-->line:90] - INFO: 用例： 充值前提--成功登陆   结果：通过
2019-11-28 21:03:00,542 - [test_03_recharge.py-->line:90] - INFO: 用例： 充值成功--最小值0.01   结果：通过
2019-11-28 21:03:00,788 - [test_03_recharge.py-->line:90] - INFO: 用例： 充值成功--最大值50万   结果：通过
2019-11-28 21:03:01,040 - [test_03_recharge.py-->line:90] - INFO: 用例： 充值成功--整数   结果：通过
2019-11-28 21:03:01,312 - [test_03_recharge.py-->line:90] - INFO: 用例： 充值成功--一位小数   结果：通过
2019-11-28 21:03:01,562 - [test_03_recharge.py-->line:90] - INFO: 用例： 充值成功--两位小数   结果：通过
2019-11-28 21:03:01,738 - [test_03_recharge.py-->line:82] - ERROR: 用例： 充值失败--金额为0   结果：未通过
具体异常为：2 != 0 : 充值失败--金额为0

2019-11-28 21:03:01,910 - [test_03_recharge.py-->line:90] - INFO: 用例： 充值失败--金额为负数   结果：通过
2019-11-28 21:03:02,079 - [test_03_recharge.py-->line:90] - INFO: 用例： 充值失败--金额大于50万   结果：通过
2019-11-28 21:03:03,246 - [test_03_recharge.py-->line:90] - INFO: 用例： 充值失败--金额小数点超过2位   结果：通过
2019-11-28 21:03:03,463 - [test_03_recharge.py-->line:90] - INFO: 用例： 充值失败--会员id不存在   结果：通过
2019-11-28 21:03:03,626 - [test_03_recharge.py-->line:90] - INFO: 用例： 充值失败--会员Id数据类型错误   结果：通过
2019-11-28 21:03:03,785 - [test_03_recharge.py-->line:90] - INFO: 用例： 充值失败--会员ID为空   结果：通过
2019-11-28 21:03:03,936 - [test_03_recharge.py-->line:90] - INFO: 用例： 充值失败--金额为空   结果：通过
2019-11-28 21:03:04,133 - [test_04_add.py-->line:72] - INFO: 用例： 不登录-加标   结果：通过
2019-11-28 21:03:04,315 - [test_04_add.py-->line:72] - INFO: 用例： 正常登录   结果：通过
2019-11-28 21:03:04,480 - [test_04_add.py-->line:72] - INFO: 用例： 加标成功   结果：通过
2019-11-28 21:03:04,648 - [test_04_add.py-->line:72] - INFO: 用例： 借款人id为空   结果：通过
2019-11-28 21:03:04,822 - [test_04_add.py-->line:72] - INFO: 用例： 标题为空   结果：通过
2019-11-28 21:03:04,981 - [test_04_add.py-->line:72] - INFO: 用例： 借款金额为空   结果：通过
2019-11-28 21:03:05,138 - [test_04_add.py-->line:72] - INFO: 用例： 年利率为空   结果：通过
2019-11-28 21:03:05,288 - [test_04_add.py-->line:72] - INFO: 用例： 借款期限为空   结果：通过
2019-11-28 21:03:05,458 - [test_04_add.py-->line:64] - ERROR: 用例： 借款期限为字符串   结果：未通过
具体异常为：2 != 0 : 借款期限为字符串

2019-11-28 21:03:05,617 - [test_04_add.py-->line:72] - INFO: 用例： 借款期限类型为空   结果：通过
2019-11-28 21:03:05,776 - [test_04_add.py-->line:72] - INFO: 用例： 竞标天数为空   结果：通过
2019-11-28 21:03:05,951 - [test_04_add.py-->line:72] - INFO: 用例： 借款人id为负数   结果：通过
2019-11-28 21:03:06,113 - [test_04_add.py-->line:72] - INFO: 用例： 借款人id为小数   结果：通过
2019-11-28 21:03:06,293 - [test_04_add.py-->line:72] - INFO: 用例： 借款人id不存在   结果：通过
2019-11-28 21:03:06,449 - [test_04_add.py-->line:72] - INFO: 用例： 借款金额为负数   结果：通过
2019-11-28 21:03:06,606 - [test_04_add.py-->line:72] - INFO: 用例： 借款金额为小数   结果：通过
2019-11-28 21:03:06,817 - [test_05_invest.py-->line:81] - INFO: 用例： 借款人正常登录   结果：通过
2019-11-28 21:03:07,054 - [test_05_invest.py-->line:81] - INFO: 用例： 借款人加标   结果：通过
2019-11-28 21:03:07,240 - [test_05_invest.py-->line:81] - INFO: 用例： 管理员正常登录   结果：通过
2019-11-28 21:03:07,406 - [test_05_invest.py-->line:81] - INFO: 用例： 管理员审核   结果：通过
2019-11-28 21:03:07,594 - [test_05_invest.py-->line:81] - INFO: 用例： 投资人正常登录   结果：通过
2019-11-28 21:03:07,763 - [test_05_invest.py-->line:81] - INFO: 用例： 投资人正常投资   结果：通过
2019-11-28 21:03:07,924 - [test_05_invest.py-->line:81] - INFO: 用例： 投资人id为空   结果：通过
2019-11-28 21:03:08,091 - [test_05_invest.py-->line:81] - INFO: 用例： 标id为空   结果：通过
2019-11-28 21:03:08,260 - [test_05_invest.py-->line:81] - INFO: 用例： 投资金额为空   结果：通过
2019-11-28 21:03:08,423 - [test_05_invest.py-->line:81] - INFO: 用例： 投资人id为负数   结果：通过
2019-11-28 21:03:08,584 - [test_05_invest.py-->line:81] - INFO: 用例： 投资人id为字符串   结果：通过
2019-11-28 21:03:08,739 - [test_05_invest.py-->line:81] - INFO: 用例： 标id为负数   结果：通过
2019-11-28 21:03:08,896 - [test_05_invest.py-->line:81] - INFO: 用例： 标id为字符串   结果：通过
2019-11-28 21:03:09,056 - [test_05_invest.py-->line:81] - INFO: 用例： 投资金额为负数   结果：通过
2019-11-28 21:03:09,211 - [test_05_invest.py-->line:81] - INFO: 用例： 投资金额为不能被100整除的数   结果：通过
2019-11-28 21:03:09,400 - [test_05_invest.py-->line:81] - INFO: 用例： 投资人id不存在   结果：通过
2019-11-28 21:03:09,594 - [test_05_invest.py-->line:81] - INFO: 用例： 标id不存在   结果：通过
2019-11-28 21:03:09,762 - [test_05_invest.py-->line:81] - INFO: 用例： 投资金额大于项目的剩余可投金额   结果：通过
2019-11-28 21:59:20,895 - [test_01_register.py-->line:62] - INFO: 用例： 注册成功--密码8位   结果：通过
2019-11-28 21:59:21,137 - [test_01_register.py-->line:62] - INFO: 用例： 注册成功--密码8-16位之间   结果：通过
2019-11-28 21:59:21,377 - [test_01_register.py-->line:62] - INFO: 用例： 注册成功--密码16位   结果：通过
2019-11-28 21:59:21,604 - [test_01_register.py-->line:62] - INFO: 用例： 注册成功--普通会员   结果：通过
2019-11-28 21:59:21,850 - [test_01_register.py-->line:62] - INFO: 用例： 注册成功--管理员   结果：通过
2019-11-28 21:59:22,091 - [test_01_register.py-->line:62] - INFO: 用例： 注册成功--无昵称   结果：通过
2019-11-28 21:59:22,338 - [test_01_register.py-->line:62] - INFO: 用例： 注册成功--无类型   结果：通过
2019-11-28 21:59:22,551 - [test_01_register.py-->line:62] - INFO: 用例： 注册失败--密码不足8位   结果：通过
2019-11-28 21:59:22,765 - [test_01_register.py-->line:62] - INFO: 用例： 注册失败--密码超过16位   结果：通过
2019-11-28 21:59:22,940 - [test_01_register.py-->line:62] - INFO: 用例： 注册失败--手机号为空   结果：通过
2019-11-28 21:59:23,162 - [test_01_register.py-->line:62] - INFO: 用例： 注册失败--密码为空   结果：通过
2019-11-28 21:59:23,330 - [test_01_register.py-->line:62] - INFO: 用例： 注册失败--手机号非11位   结果：通过
2019-11-28 21:59:23,496 - [test_01_register.py-->line:62] - INFO: 用例： 注册失败--手机号格式非法   结果：通过
2019-11-28 21:59:23,716 - [test_01_register.py-->line:62] - INFO: 用例： 注册失败--类型枚举值错误   结果：通过
2019-11-28 21:59:24,919 - [test_01_register.py-->line:62] - INFO: 用例： 注册失败--昵称长度大于10位   结果：通过
2019-11-28 21:59:25,118 - [test_01_register.py-->line:62] - INFO: 用例： 注册失败--手机号已存在   结果：通过
2019-11-28 21:59:25,320 - [test_02_login.py-->line:64] - INFO: 用例： 登录成功--正确用例   结果：通过
2019-11-28 21:59:25,475 - [test_02_login.py-->line:64] - INFO: 用例： 登陆失败--手机号为空   结果：通过
2019-11-28 21:59:25,638 - [test_02_login.py-->line:64] - INFO: 用例： 登陆失败--密码为空   结果：通过
2019-11-28 21:59:25,799 - [test_02_login.py-->line:64] - INFO: 用例： 登陆失败--手机号长度错误   结果：通过
2019-11-28 21:59:25,957 - [test_02_login.py-->line:64] - INFO: 用例： 登陆失败--手机号格式错误   结果：通过
2019-11-28 21:59:26,151 - [test_02_login.py-->line:64] - INFO: 用例： 登陆失败--密码长度过短   结果：通过
2019-11-28 21:59:26,345 - [test_02_login.py-->line:64] - INFO: 用例： 登陆失败--密码长度多长   结果：通过
2019-11-28 21:59:26,568 - [test_02_login.py-->line:64] - INFO: 用例： 登陆失败--未注册的手机号   结果：通过
2019-11-28 21:59:26,779 - [test_03_recharge.py-->line:90] - INFO: 用例： 充值失败--未登录   结果：通过
2019-11-28 21:59:26,979 - [test_03_recharge.py-->line:90] - INFO: 用例： 充值前提--成功登陆   结果：通过
2019-11-28 21:59:27,233 - [test_03_recharge.py-->line:90] - INFO: 用例： 充值成功--最小值0.01   结果：通过
2019-11-28 21:59:27,486 - [test_03_recharge.py-->line:90] - INFO: 用例： 充值成功--最大值50万   结果：通过
2019-11-28 21:59:27,737 - [test_03_recharge.py-->line:90] - INFO: 用例： 充值成功--整数   结果：通过
2019-11-28 21:59:28,007 - [test_03_recharge.py-->line:90] - INFO: 用例： 充值成功--一位小数   结果：通过
2019-11-28 21:59:28,274 - [test_03_recharge.py-->line:90] - INFO: 用例： 充值成功--两位小数   结果：通过
2019-11-28 21:59:28,448 - [test_03_recharge.py-->line:82] - ERROR: 用例： 充值失败--金额为0   结果：未通过
具体异常为：2 != 0 : 充值失败--金额为0

2019-11-28 21:59:28,623 - [test_03_recharge.py-->line:90] - INFO: 用例： 充值失败--金额为负数   结果：通过
2019-11-28 21:59:28,776 - [test_03_recharge.py-->line:90] - INFO: 用例： 充值失败--金额大于50万   结果：通过
2019-11-28 21:59:28,945 - [test_03_recharge.py-->line:90] - INFO: 用例： 充值失败--金额小数点超过2位   结果：通过
2019-11-28 21:59:29,167 - [test_03_recharge.py-->line:90] - INFO: 用例： 充值失败--会员id不存在   结果：通过
2019-11-28 21:59:29,343 - [test_03_recharge.py-->line:90] - INFO: 用例： 充值失败--会员Id数据类型错误   结果：通过
2019-11-28 21:59:29,507 - [test_03_recharge.py-->line:90] - INFO: 用例： 充值失败--会员ID为空   结果：通过
2019-11-28 21:59:29,671 - [test_03_recharge.py-->line:90] - INFO: 用例： 充值失败--金额为空   结果：通过
2019-11-28 21:59:29,874 - [test_04_add.py-->line:72] - INFO: 用例： 不登录-加标   结果：通过
2019-11-28 21:59:30,053 - [test_04_add.py-->line:72] - INFO: 用例： 正常登录   结果：通过
2019-11-28 21:59:30,222 - [test_04_add.py-->line:72] - INFO: 用例： 加标成功   结果：通过
2019-11-28 21:59:30,387 - [test_04_add.py-->line:72] - INFO: 用例： 借款人id为空   结果：通过
2019-11-28 21:59:30,579 - [test_04_add.py-->line:72] - INFO: 用例： 标题为空   结果：通过
2019-11-28 21:59:30,732 - [test_04_add.py-->line:72] - INFO: 用例： 借款金额为空   结果：通过
2019-11-28 21:59:30,900 - [test_04_add.py-->line:72] - INFO: 用例： 年利率为空   结果：通过
2019-11-28 21:59:31,065 - [test_04_add.py-->line:72] - INFO: 用例： 借款期限为空   结果：通过
2019-11-28 21:59:31,233 - [test_04_add.py-->line:64] - ERROR: 用例： 借款期限为字符串   结果：未通过
具体异常为：2 != 0 : 借款期限为字符串

2019-11-28 21:59:31,393 - [test_04_add.py-->line:72] - INFO: 用例： 借款期限类型为空   结果：通过
2019-11-28 21:59:31,544 - [test_04_add.py-->line:72] - INFO: 用例： 竞标天数为空   结果：通过
2019-11-28 21:59:31,703 - [test_04_add.py-->line:72] - INFO: 用例： 借款人id为负数   结果：通过
2019-11-28 21:59:31,870 - [test_04_add.py-->line:72] - INFO: 用例： 借款人id为小数   结果：通过
2019-11-28 21:59:32,052 - [test_04_add.py-->line:72] - INFO: 用例： 借款人id不存在   结果：通过
2019-11-28 21:59:32,214 - [test_04_add.py-->line:72] - INFO: 用例： 借款金额为负数   结果：通过
2019-11-28 21:59:32,382 - [test_04_add.py-->line:72] - INFO: 用例： 借款金额为小数   结果：通过
2019-11-28 21:59:32,584 - [test_05_invest.py-->line:81] - INFO: 用例： 借款人正常登录   结果：通过
2019-11-28 21:59:32,823 - [test_05_invest.py-->line:81] - INFO: 用例： 借款人加标   结果：通过
2019-11-28 21:59:33,024 - [test_05_invest.py-->line:81] - INFO: 用例： 管理员正常登录   结果：通过
2019-11-28 21:59:33,190 - [test_05_invest.py-->line:81] - INFO: 用例： 管理员审核   结果：通过
2019-11-28 21:59:33,381 - [test_05_invest.py-->line:81] - INFO: 用例： 投资人正常登录   结果：通过
2019-11-28 21:59:33,566 - [test_05_invest.py-->line:81] - INFO: 用例： 投资人正常投资   结果：通过
2019-11-28 21:59:33,737 - [test_05_invest.py-->line:81] - INFO: 用例： 投资人id为空   结果：通过
2019-11-28 21:59:33,889 - [test_05_invest.py-->line:81] - INFO: 用例： 标id为空   结果：通过
2019-11-28 21:59:34,049 - [test_05_invest.py-->line:81] - INFO: 用例： 投资金额为空   结果：通过
2019-11-28 21:59:34,218 - [test_05_invest.py-->line:81] - INFO: 用例： 投资人id为负数   结果：通过
2019-11-28 21:59:34,395 - [test_05_invest.py-->line:81] - INFO: 用例： 投资人id为字符串   结果：通过
2019-11-28 21:59:34,556 - [test_05_invest.py-->line:81] - INFO: 用例： 标id为负数   结果：通过
2019-11-28 21:59:34,721 - [test_05_invest.py-->line:81] - INFO: 用例： 标id为字符串   结果：通过
2019-11-28 21:59:34,881 - [test_05_invest.py-->line:81] - INFO: 用例： 投资金额为负数   结果：通过
2019-11-28 21:59:35,042 - [test_05_invest.py-->line:81] - INFO: 用例： 投资金额为不能被100整除的数   结果：通过
2019-11-28 21:59:35,239 - [test_05_invest.py-->line:81] - INFO: 用例： 投资人id不存在   结果：通过
2019-11-28 21:59:35,439 - [test_05_invest.py-->line:81] - INFO: 用例： 标id不存在   结果：通过
2019-11-28 21:59:35,612 - [test_05_invest.py-->line:81] - INFO: 用例： 投资金额大于项目的剩余可投金额   结果：通过
